{
  "RSpec": {
    "coverage": {
      "/home/jmervine/Development/remote-runner/lib/remote.rb": [
        1,
        1,
        1,
        1,
        1,
        1,
        null,
        null,
        1,
        null,
        1,
        1,
        null,
        null,
        1,
        5,
        null,
        null,
        1,
        13,
        13,
        2,
        2,
        14,
        null,
        null,
        13,
        null,
        null,
        null,
        null
      ],
      "/home/jmervine/Development/remote-runner/lib/remote/runner.rb": [
        1,
        1,
        null,
        null,
        1,
        null,
        null,
        null,
        1,
        null,
        null,
        1,
        7,
        null,
        7,
        7,
        null,
        7,
        7,
        2,
        null,
        null,
        null,
        null,
        null,
        null,
        1,
        6,
        6,
        12,
        1,
        null,
        11,
        7,
        null,
        null,
        null,
        null,
        4,
        1,
        null,
        null,
        null,
        null,
        6,
        2,
        7,
        null,
        null,
        6,
        null,
        null,
        1,
        null,
        null,
        null,
        1,
        11,
        11,
        null,
        11,
        11,
        null,
        null,
        11,
        11,
        null,
        10,
        null,
        null,
        null,
        null,
        null,
        1,
        7,
        3,
        3,
        null,
        7,
        7,
        null,
        null,
        null,
        null,
        null,
        1,
        1,
        1,
        null,
        null,
        null,
        1,
        null,
        1,
        null,
        null,
        11,
        11,
        11,
        11,
        11,
        0,
        0,
        null,
        11,
        10,
        null,
        11,
        1,
        null,
        11,
        11,
        null,
        null,
        null,
        11,
        11,
        10,
        null,
        1,
        null,
        11,
        null,
        null,
        1,
        22,
        null,
        null,
        null,
        null
      ],
      "/home/jmervine/Development/remote-runner/lib/remote/configuration.rb": [
        1,
        null,
        1,
        1,
        null,
        null,
        null,
        null,
        null,
        null,
        null,
        null,
        null,
        null,
        null,
        null,
        null,
        null,
        null,
        null,
        null,
        null,
        null,
        null,
        null,
        null,
        null,
        null,
        null,
        null,
        null,
        null,
        null,
        null,
        null,
        null,
        null,
        1,
        null,
        1,
        18,
        null,
        null,
        null,
        null,
        1,
        1,
        null,
        null,
        null,
        1,
        14,
        null,
        null,
        null,
        1,
        3,
        null,
        null,
        null,
        1,
        16,
        15,
        15,
        14,
        null,
        null,
        null,
        1,
        11,
        11,
        11,
        10,
        null,
        null,
        null,
        1,
        13,
        null,
        null,
        null,
        null,
        null,
        null,
        null,
        1,
        2,
        null,
        null,
        null,
        null,
        1,
        2,
        null,
        null,
        null,
        1,
        12,
        null,
        null,
        null,
        1,
        19,
        null,
        null,
        null
      ],
      "/home/jmervine/Development/remote-runner/spec/remote_configuration_spec.rb": [
        1,
        1,
        1,
        1,
        null,
        null,
        null,
        null,
        null,
        null,
        null,
        null,
        null,
        null,
        null,
        1,
        7,
        7,
        null,
        null,
        1,
        2,
        null,
        1,
        1,
        1,
        2,
        null,
        1,
        1,
        1,
        2,
        null,
        null,
        null,
        1,
        1,
        1,
        null,
        null,
        null,
        null,
        null,
        null,
        null,
        null,
        null,
        null,
        null,
        1,
        7,
        7,
        7,
        null,
        null,
        null
      ]
    },
    "timestamp": 1344465676
  }
}
