{
  "RSpec": {
    "coverage": {
      "/home/jmervine/Development/remote-runner/lib/remote.rb": [
        1,
        1,
        1,
        1,
        1,
        1,
        null,
        null,
        1,
        null,
        1,
        1,
        1,
        65,
        null,
        null,
        null,
        1,
        18,
        18,
        null,
        null,
        1,
        14,
        14,
        3,
        3,
        12,
        null,
        null,
        14,
        null,
        null,
        null,
        null
      ],
      "/home/jmervine/Development/remote-runner/lib/remote/runner.rb": [
        1,
        1,
        null,
        null,
        1,
        null,
        null,
        null,
        1,
        null,
        null,
        1,
        14,
        null,
        14,
        14,
        2,
        2,
        null,
        null,
        null,
        14,
        14,
        null,
        14,
        1,
        null,
        null,
        14,
        null,
        14,
        4,
        null,
        null,
        null,
        null,
        null,
        1,
        11,
        11,
        17,
        1,
        null,
        16,
        7,
        null,
        null,
        null,
        null,
        9,
        2,
        null,
        null,
        null,
        null,
        11,
        2,
        5,
        null,
        null,
        11,
        null,
        null,
        1,
        null,
        null,
        null,
        1,
        16,
        16,
        null,
        16,
        16,
        13,
        null,
        3,
        null,
        null,
        1,
        1,
        null,
        null,
        15,
        15,
        null,
        null,
        15,
        15,
        null,
        14,
        null,
        null,
        null,
        null,
        null,
        1,
        7,
        4,
        4,
        null,
        7,
        7,
        null,
        null,
        null,
        null,
        null,
        1,
        1,
        1,
        0,
        null,
        1,
        null,
        null,
        null,
        1,
        null,
        1,
        null,
        null,
        15,
        15,
        15,
        15,
        15,
        0,
        0,
        null,
        15,
        1,
        null,
        15,
        14,
        null,
        15,
        1,
        null,
        15,
        15,
        null,
        null,
        null,
        15,
        null,
        null,
        null,
        null,
        null,
        15,
        null,
        null,
        1,
        18,
        18,
        null,
        18,
        null,
        14,
        null,
        2,
        null,
        1,
        1,
        null,
        1,
        1,
        null,
        null,
        18,
        17,
        null,
        null,
        18,
        null,
        null,
        null,
        null,
        null,
        null
      ],
      "/home/jmervine/Development/remote-runner/lib/remote/configuration.rb": [
        1,
        null,
        1,
        null,
        1,
        null,
        1,
        32,
        null,
        null,
        null,
        1,
        1,
        null,
        null,
        null,
        1,
        19,
        null,
        null,
        null,
        1,
        7,
        null,
        null,
        null,
        1,
        21,
        20,
        20,
        19,
        null,
        null,
        null,
        1,
        18,
        18,
        18,
        17,
        null,
        null,
        null,
        1,
        18,
        null,
        null,
        null,
        1,
        21,
        null,
        null,
        null,
        1,
        13,
        null,
        null,
        null,
        1,
        29,
        null,
        null,
        null,
        1,
        18,
        null,
        null,
        null,
        1,
        20,
        null,
        null,
        null,
        null
      ]
    },
    "timestamp": 1344554104
  }
}
